{"/Users/sean/codefellows/401/13-14-relationship-mapping/src/__test__/lib/book-mock.js": {"path":"/Users/sean/codefellows/401/13-14-relationship-mapping/src/__test__/lib/book-mock.js","statementMap":{"0":{"start":{"line":8,"column":24},"end":{"line":26,"column":1}},"1":{"start":{"line":9,"column":21},"end":{"line":9,"column":23}},"2":{"start":{"line":10,"column":2},"end":{"line":25,"column":7}},"3":{"start":{"line":12,"column":6},"end":{"line":12,"column":42}},"4":{"start":{"line":14,"column":6},"end":{"line":19,"column":16}},"5":{"start":{"line":22,"column":6},"end":{"line":22,"column":35}},"6":{"start":{"line":23,"column":6},"end":{"line":23,"column":32}},"7":{"start":{"line":24,"column":6},"end":{"line":24,"column":24}},"8":{"start":{"line":28,"column":24},"end":{"line":31,"column":2}},"9":{"start":{"line":28,"column":30},"end":{"line":31,"column":2}}},"fnMap":{"0":{"name":"(anonymous_0)","decl":{"start":{"line":8,"column":24},"end":{"line":8,"column":25}},"loc":{"start":{"line":8,"column":30},"end":{"line":26,"column":1}},"line":8},"1":{"name":"(anonymous_1)","decl":{"start":{"line":11,"column":10},"end":{"line":11,"column":11}},"loc":{"start":{"line":11,"column":30},"end":{"line":20,"column":5}},"line":11},"2":{"name":"(anonymous_2)","decl":{"start":{"line":21,"column":10},"end":{"line":21,"column":11}},"loc":{"start":{"line":21,"column":23},"end":{"line":25,"column":5}},"line":21},"3":{"name":"(anonymous_3)","decl":{"start":{"line":28,"column":24},"end":{"line":28,"column":25}},"loc":{"start":{"line":28,"column":30},"end":{"line":31,"column":2}},"line":28}},"branchMap":{},"s":{"0":1,"1":6,"2":6,"3":6,"4":6,"5":6,"6":6,"7":6,"8":1,"9":8},"f":{"0":6,"1":6,"2":6,"3":8},"b":{},"_coverageSchema":"332fd63041d2c1bcb487cc26dd0d5f7d97098a6c","hash":"e71612bc759599c87b83b1fb7662ec6a1bfd1763"}
,"/Users/sean/codefellows/401/13-14-relationship-mapping/src/__test__/lib/library-mock.js": {"path":"/Users/sean/codefellows/401/13-14-relationship-mapping/src/__test__/lib/library-mock.js","statementMap":{"0":{"start":{"line":6,"column":27},"end":{"line":13,"column":1}},"1":{"start":{"line":7,"column":2},"end":{"line":12,"column":12}},"2":{"start":{"line":15,"column":27},"end":{"line":15,"column":49}},"3":{"start":{"line":15,"column":33},"end":{"line":15,"column":49}}},"fnMap":{"0":{"name":"(anonymous_0)","decl":{"start":{"line":6,"column":27},"end":{"line":6,"column":28}},"loc":{"start":{"line":6,"column":33},"end":{"line":13,"column":1}},"line":6},"1":{"name":"(anonymous_1)","decl":{"start":{"line":15,"column":27},"end":{"line":15,"column":28}},"loc":{"start":{"line":15,"column":33},"end":{"line":15,"column":49}},"line":15}},"branchMap":{},"s":{"0":2,"1":16,"2":2,"3":16},"f":{"0":16,"1":16},"b":{},"_coverageSchema":"332fd63041d2c1bcb487cc26dd0d5f7d97098a6c","hash":"82bf9a452e96438e841d3055b7c98ff40f447eb1"}
,"/Users/sean/codefellows/401/13-14-relationship-mapping/src/__test__/lib/test.env.js": {"path":"/Users/sean/codefellows/401/13-14-relationship-mapping/src/__test__/lib/test.env.js","statementMap":{"0":{"start":{"line":1,"column":0},"end":{"line":1,"column":37}},"1":{"start":{"line":2,"column":0},"end":{"line":2,"column":24}},"2":{"start":{"line":3,"column":0},"end":{"line":3,"column":56}}},"fnMap":{},"branchMap":{},"s":{"0":2,"1":2,"2":2},"f":{},"b":{},"_coverageSchema":"332fd63041d2c1bcb487cc26dd0d5f7d97098a6c","hash":"536977c2381b87bf39191c3d618b7d79f6c93f0f"}
,"/Users/sean/codefellows/401/13-14-relationship-mapping/src/lib/error-middleware.js": {"path":"/Users/sean/codefellows/401/13-14-relationship-mapping/src/lib/error-middleware.js","statementMap":{"0":{"start":{"line":6,"column":2},"end":{"line":6,"column":35}},"1":{"start":{"line":7,"column":2},"end":{"line":7,"column":51}},"2":{"start":{"line":8,"column":2},"end":{"line":8,"column":34}},"3":{"start":{"line":10,"column":2},"end":{"line":13,"column":3}},"4":{"start":{"line":11,"column":4},"end":{"line":11,"column":117}},"5":{"start":{"line":12,"column":4},"end":{"line":12,"column":45}},"6":{"start":{"line":15,"column":23},"end":{"line":15,"column":50}},"7":{"start":{"line":17,"column":2},"end":{"line":20,"column":3}},"8":{"start":{"line":18,"column":4},"end":{"line":18,"column":76}},"9":{"start":{"line":19,"column":4},"end":{"line":19,"column":36}},"10":{"start":{"line":22,"column":2},"end":{"line":25,"column":3}},"11":{"start":{"line":23,"column":4},"end":{"line":23,"column":76}},"12":{"start":{"line":24,"column":4},"end":{"line":24,"column":36}},"13":{"start":{"line":26,"column":2},"end":{"line":29,"column":3}},"14":{"start":{"line":27,"column":4},"end":{"line":27,"column":76}},"15":{"start":{"line":28,"column":4},"end":{"line":28,"column":36}},"16":{"start":{"line":31,"column":2},"end":{"line":34,"column":3}},"17":{"start":{"line":32,"column":4},"end":{"line":32,"column":58}},"18":{"start":{"line":33,"column":4},"end":{"line":33,"column":36}},"19":{"start":{"line":36,"column":2},"end":{"line":36,"column":61}},"20":{"start":{"line":37,"column":2},"end":{"line":37,"column":34}},"21":{"start":{"line":38,"column":2},"end":{"line":38,"column":34}}},"fnMap":{"0":{"name":"(anonymous_0)","decl":{"start":{"line":5,"column":15},"end":{"line":5,"column":16}},"loc":{"start":{"line":5,"column":51},"end":{"line":39,"column":1}},"line":5}},"branchMap":{"0":{"loc":{"start":{"line":10,"column":2},"end":{"line":13,"column":3}},"type":"if","locations":[{"start":{"line":10,"column":2},"end":{"line":13,"column":3}},{"start":{"line":10,"column":2},"end":{"line":13,"column":3}}],"line":10},"1":{"loc":{"start":{"line":17,"column":2},"end":{"line":20,"column":3}},"type":"if","locations":[{"start":{"line":17,"column":2},"end":{"line":20,"column":3}},{"start":{"line":17,"column":2},"end":{"line":20,"column":3}}],"line":17},"2":{"loc":{"start":{"line":22,"column":2},"end":{"line":25,"column":3}},"type":"if","locations":[{"start":{"line":22,"column":2},"end":{"line":25,"column":3}},{"start":{"line":22,"column":2},"end":{"line":25,"column":3}}],"line":22},"3":{"loc":{"start":{"line":26,"column":2},"end":{"line":29,"column":3}},"type":"if","locations":[{"start":{"line":26,"column":2},"end":{"line":29,"column":3}},{"start":{"line":26,"column":2},"end":{"line":29,"column":3}}],"line":26},"4":{"loc":{"start":{"line":31,"column":2},"end":{"line":34,"column":3}},"type":"if","locations":[{"start":{"line":31,"column":2},"end":{"line":34,"column":3}},{"start":{"line":31,"column":2},"end":{"line":34,"column":3}}],"line":31}},"s":{"0":8,"1":8,"2":8,"3":8,"4":3,"5":3,"6":5,"7":5,"8":3,"9":3,"10":2,"11":0,"12":0,"13":2,"14":2,"15":2,"16":0,"17":0,"18":0,"19":0,"20":0,"21":0},"f":{"0":8},"b":{"0":[3,5],"1":[3,2],"2":[0,2],"3":[2,0],"4":[0,0]},"_coverageSchema":"332fd63041d2c1bcb487cc26dd0d5f7d97098a6c","hash":"217a54e7be407b43f46877d838a0146facfcf824"}
,"/Users/sean/codefellows/401/13-14-relationship-mapping/src/lib/logger.js": {"path":"/Users/sean/codefellows/401/13-14-relationship-mapping/src/lib/logger.js","statementMap":{"0":{"start":{"line":4,"column":16},"end":{"line":4,"column":34}},"1":{"start":{"line":6,"column":15},"end":{"line":13,"column":2}},"2":{"start":{"line":15,"column":0},"end":{"line":15,"column":21}},"3":{"start":{"line":16,"column":0},"end":{"line":16,"column":23}},"4":{"start":{"line":17,"column":0},"end":{"line":17,"column":27}}},"fnMap":{},"branchMap":{},"s":{"0":2,"1":2,"2":2,"3":2,"4":2},"f":{},"b":{},"_coverageSchema":"332fd63041d2c1bcb487cc26dd0d5f7d97098a6c","hash":"03760e4455e517fe93ea3eacd90562e25b382665"}
,"/Users/sean/codefellows/401/13-14-relationship-mapping/src/lib/server.js": {"path":"/Users/sean/codefellows/401/13-14-relationship-mapping/src/lib/server.js","statementMap":{"0":{"start":{"line":10,"column":12},"end":{"line":10,"column":21}},"1":{"start":{"line":11,"column":13},"end":{"line":11,"column":17}},"2":{"start":{"line":13,"column":0},"end":{"line":13,"column":23}},"3":{"start":{"line":14,"column":0},"end":{"line":14,"column":20}},"4":{"start":{"line":16,"column":0},"end":{"line":19,"column":3}},"5":{"start":{"line":17,"column":2},"end":{"line":17,"column":86}},"6":{"start":{"line":18,"column":2},"end":{"line":18,"column":34}},"7":{"start":{"line":21,"column":0},"end":{"line":21,"column":25}},"8":{"start":{"line":23,"column":20},"end":{"line":33,"column":1}},"9":{"start":{"line":24,"column":2},"end":{"line":32,"column":7}},"10":{"start":{"line":26,"column":6},"end":{"line":28,"column":9}},"11":{"start":{"line":27,"column":8},"end":{"line":27,"column":83}},"12":{"start":{"line":31,"column":6},"end":{"line":31,"column":77}},"13":{"start":{"line":35,"column":19},"end":{"line":45,"column":1}},"14":{"start":{"line":36,"column":2},"end":{"line":44,"column":7}},"15":{"start":{"line":38,"column":6},"end":{"line":40,"column":9}},"16":{"start":{"line":39,"column":8},"end":{"line":39,"column":49}},"17":{"start":{"line":43,"column":6},"end":{"line":43,"column":77}}},"fnMap":{"0":{"name":"(anonymous_0)","decl":{"start":{"line":16,"column":13},"end":{"line":16,"column":14}},"loc":{"start":{"line":16,"column":36},"end":{"line":19,"column":1}},"line":16},"1":{"name":"(anonymous_1)","decl":{"start":{"line":23,"column":20},"end":{"line":23,"column":21}},"loc":{"start":{"line":23,"column":26},"end":{"line":33,"column":1}},"line":23},"2":{"name":"(anonymous_2)","decl":{"start":{"line":25,"column":10},"end":{"line":25,"column":11}},"loc":{"start":{"line":25,"column":16},"end":{"line":29,"column":5}},"line":25},"3":{"name":"(anonymous_3)","decl":{"start":{"line":26,"column":44},"end":{"line":26,"column":45}},"loc":{"start":{"line":26,"column":50},"end":{"line":28,"column":7}},"line":26},"4":{"name":"(anonymous_4)","decl":{"start":{"line":30,"column":11},"end":{"line":30,"column":12}},"loc":{"start":{"line":30,"column":20},"end":{"line":32,"column":5}},"line":30},"5":{"name":"(anonymous_5)","decl":{"start":{"line":35,"column":19},"end":{"line":35,"column":20}},"loc":{"start":{"line":35,"column":25},"end":{"line":45,"column":1}},"line":35},"6":{"name":"(anonymous_6)","decl":{"start":{"line":37,"column":10},"end":{"line":37,"column":11}},"loc":{"start":{"line":37,"column":16},"end":{"line":41,"column":5}},"line":37},"7":{"name":"(anonymous_7)","decl":{"start":{"line":38,"column":19},"end":{"line":38,"column":20}},"loc":{"start":{"line":38,"column":25},"end":{"line":40,"column":7}},"line":38},"8":{"name":"(anonymous_8)","decl":{"start":{"line":42,"column":11},"end":{"line":42,"column":12}},"loc":{"start":{"line":42,"column":20},"end":{"line":44,"column":5}},"line":42}},"branchMap":{},"s":{"0":2,"1":2,"2":2,"3":2,"4":2,"5":0,"6":0,"7":2,"8":2,"9":2,"10":2,"11":2,"12":0,"13":2,"14":2,"15":2,"16":0,"17":0},"f":{"0":0,"1":2,"2":2,"3":2,"4":0,"5":2,"6":2,"7":0,"8":0},"b":{},"_coverageSchema":"332fd63041d2c1bcb487cc26dd0d5f7d97098a6c","hash":"2e5be297240e99d163b0941734f8b0ac0cf82c59"}
,"/Users/sean/codefellows/401/13-14-relationship-mapping/src/model/book-model.js": {"path":"/Users/sean/codefellows/401/13-14-relationship-mapping/src/model/book-model.js","statementMap":{"0":{"start":{"line":7,"column":19},"end":{"line":25,"column":2}},"1":{"start":{"line":33,"column":2},"end":{"line":42,"column":17}},"2":{"start":{"line":35,"column":6},"end":{"line":37,"column":7}},"3":{"start":{"line":36,"column":8},"end":{"line":36,"column":55}},"4":{"start":{"line":38,"column":6},"end":{"line":38,"column":40}},"5":{"start":{"line":39,"column":6},"end":{"line":39,"column":33}},"6":{"start":{"line":41,"column":16},"end":{"line":41,"column":22}},"7":{"start":{"line":44,"column":21},"end":{"line":56,"column":1}},"8":{"start":{"line":45,"column":2},"end":{"line":55,"column":17}},"9":{"start":{"line":47,"column":6},"end":{"line":49,"column":7}},"10":{"start":{"line":48,"column":8},"end":{"line":48,"column":55}},"11":{"start":{"line":50,"column":6},"end":{"line":52,"column":9}},"12":{"start":{"line":51,"column":8},"end":{"line":51,"column":63}},"13":{"start":{"line":54,"column":16},"end":{"line":54,"column":22}},"14":{"start":{"line":59,"column":0},"end":{"line":59,"column":36}},"15":{"start":{"line":60,"column":0},"end":{"line":60,"column":40}}},"fnMap":{"0":{"name":"bookPreHook","decl":{"start":{"line":31,"column":9},"end":{"line":31,"column":20}},"loc":{"start":{"line":31,"column":27},"end":{"line":43,"column":1}},"line":31},"1":{"name":"(anonymous_1)","decl":{"start":{"line":34,"column":10},"end":{"line":34,"column":11}},"loc":{"start":{"line":34,"column":28},"end":{"line":40,"column":5}},"line":34},"2":{"name":"(anonymous_2)","decl":{"start":{"line":41,"column":10},"end":{"line":41,"column":11}},"loc":{"start":{"line":41,"column":16},"end":{"line":41,"column":22}},"line":41},"3":{"name":"(anonymous_3)","decl":{"start":{"line":44,"column":21},"end":{"line":44,"column":22}},"loc":{"start":{"line":44,"column":41},"end":{"line":56,"column":1}},"line":44},"4":{"name":"(anonymous_4)","decl":{"start":{"line":46,"column":10},"end":{"line":46,"column":11}},"loc":{"start":{"line":46,"column":28},"end":{"line":53,"column":5}},"line":46},"5":{"name":"(anonymous_5)","decl":{"start":{"line":50,"column":53},"end":{"line":50,"column":54}},"loc":{"start":{"line":50,"column":63},"end":{"line":52,"column":7}},"line":50},"6":{"name":"(anonymous_6)","decl":{"start":{"line":54,"column":10},"end":{"line":54,"column":11}},"loc":{"start":{"line":54,"column":16},"end":{"line":54,"column":22}},"line":54}},"branchMap":{"0":{"loc":{"start":{"line":35,"column":6},"end":{"line":37,"column":7}},"type":"if","locations":[{"start":{"line":35,"column":6},"end":{"line":37,"column":7}},{"start":{"line":35,"column":6},"end":{"line":37,"column":7}}],"line":35},"1":{"loc":{"start":{"line":47,"column":6},"end":{"line":49,"column":7}},"type":"if","locations":[{"start":{"line":47,"column":6},"end":{"line":49,"column":7}},{"start":{"line":47,"column":6},"end":{"line":49,"column":7}}],"line":47}},"s":{"0":2,"1":8,"2":8,"3":0,"4":8,"5":8,"6":8,"7":2,"8":0,"9":0,"10":0,"11":0,"12":0,"13":0,"14":2,"15":2},"f":{"0":8,"1":8,"2":8,"3":0,"4":0,"5":0,"6":0},"b":{"0":[0,8],"1":[0,0]},"_coverageSchema":"332fd63041d2c1bcb487cc26dd0d5f7d97098a6c","hash":"c0edc57829b4084f44e75c86c300c71208303b3e"}
,"/Users/sean/codefellows/401/13-14-relationship-mapping/src/model/library.js": {"path":"/Users/sean/codefellows/401/13-14-relationship-mapping/src/model/library.js","statementMap":{"0":{"start":{"line":5,"column":22},"end":{"line":30,"column":2}}},"fnMap":{},"branchMap":{},"s":{"0":2},"f":{},"b":{},"_coverageSchema":"332fd63041d2c1bcb487cc26dd0d5f7d97098a6c","hash":"611de22e823d12416696f352a9955abda40eeffe"}
,"/Users/sean/codefellows/401/13-14-relationship-mapping/src/route/book-router.js": {"path":"/Users/sean/codefellows/401/13-14-relationship-mapping/src/route/book-router.js","statementMap":{"0":{"start":{"line":9,"column":19},"end":{"line":9,"column":36}},"1":{"start":{"line":11,"column":19},"end":{"line":11,"column":31}},"2":{"start":{"line":13,"column":0},"end":{"line":23,"column":3}},"3":{"start":{"line":14,"column":2},"end":{"line":14,"column":30}},"4":{"start":{"line":15,"column":2},"end":{"line":18,"column":3}},"5":{"start":{"line":16,"column":4},"end":{"line":16,"column":75}},"6":{"start":{"line":17,"column":4},"end":{"line":17,"column":63}},"7":{"start":{"line":20,"column":2},"end":{"line":22,"column":17}},"8":{"start":{"line":21,"column":18},"end":{"line":21,"column":37}},"9":{"start":{"line":25,"column":0},"end":{"line":38,"column":3}},"10":{"start":{"line":26,"column":18},"end":{"line":26,"column":52}},"11":{"start":{"line":27,"column":2},"end":{"line":37,"column":17}},"12":{"start":{"line":29,"column":6},"end":{"line":32,"column":7}},"13":{"start":{"line":30,"column":8},"end":{"line":30,"column":87}},"14":{"start":{"line":31,"column":8},"end":{"line":31,"column":59}},"15":{"start":{"line":34,"column":6},"end":{"line":34,"column":70}},"16":{"start":{"line":35,"column":6},"end":{"line":35,"column":40}},"17":{"start":{"line":39,"column":0},"end":{"line":51,"column":3}},"18":{"start":{"line":40,"column":2},"end":{"line":50,"column":17}},"19":{"start":{"line":42,"column":6},"end":{"line":45,"column":7}},"20":{"start":{"line":43,"column":8},"end":{"line":43,"column":91}},"21":{"start":{"line":44,"column":8},"end":{"line":44,"column":59}},"22":{"start":{"line":46,"column":6},"end":{"line":46,"column":78}},"23":{"start":{"line":47,"column":6},"end":{"line":47,"column":70}},"24":{"start":{"line":48,"column":6},"end":{"line":48,"column":33}},"25":{"start":{"line":52,"column":0},"end":{"line":63,"column":3}},"26":{"start":{"line":53,"column":2},"end":{"line":62,"column":17}},"27":{"start":{"line":55,"column":6},"end":{"line":58,"column":7}},"28":{"start":{"line":56,"column":8},"end":{"line":56,"column":75}},"29":{"start":{"line":57,"column":8},"end":{"line":57,"column":59}},"30":{"start":{"line":59,"column":6},"end":{"line":59,"column":84}},"31":{"start":{"line":60,"column":6},"end":{"line":60,"column":38}}},"fnMap":{"0":{"name":"(anonymous_0)","decl":{"start":{"line":13,"column":42},"end":{"line":13,"column":43}},"loc":{"start":{"line":13,"column":71},"end":{"line":23,"column":1}},"line":13},"1":{"name":"(anonymous_1)","decl":{"start":{"line":21,"column":10},"end":{"line":21,"column":11}},"loc":{"start":{"line":21,"column":18},"end":{"line":21,"column":37}},"line":21},"2":{"name":"(anonymous_2)","decl":{"start":{"line":25,"column":45},"end":{"line":25,"column":46}},"loc":{"start":{"line":25,"column":74},"end":{"line":38,"column":1}},"line":25},"3":{"name":"(anonymous_3)","decl":{"start":{"line":28,"column":10},"end":{"line":28,"column":11}},"loc":{"start":{"line":28,"column":27},"end":{"line":36,"column":5}},"line":28},"4":{"name":"(anonymous_4)","decl":{"start":{"line":39,"column":33},"end":{"line":39,"column":34}},"loc":{"start":{"line":39,"column":62},"end":{"line":51,"column":1}},"line":39},"5":{"name":"(anonymous_5)","decl":{"start":{"line":41,"column":10},"end":{"line":41,"column":11}},"loc":{"start":{"line":41,"column":20},"end":{"line":49,"column":5}},"line":41},"6":{"name":"(anonymous_6)","decl":{"start":{"line":52,"column":36},"end":{"line":52,"column":37}},"loc":{"start":{"line":52,"column":65},"end":{"line":63,"column":1}},"line":52},"7":{"name":"(anonymous_7)","decl":{"start":{"line":54,"column":10},"end":{"line":54,"column":11}},"loc":{"start":{"line":54,"column":20},"end":{"line":61,"column":5}},"line":54}},"branchMap":{"0":{"loc":{"start":{"line":15,"column":2},"end":{"line":18,"column":3}},"type":"if","locations":[{"start":{"line":15,"column":2},"end":{"line":18,"column":3}},{"start":{"line":15,"column":2},"end":{"line":18,"column":3}}],"line":15},"1":{"loc":{"start":{"line":29,"column":6},"end":{"line":32,"column":7}},"type":"if","locations":[{"start":{"line":29,"column":6},"end":{"line":32,"column":7}},{"start":{"line":29,"column":6},"end":{"line":32,"column":7}}],"line":29},"2":{"loc":{"start":{"line":42,"column":6},"end":{"line":45,"column":7}},"type":"if","locations":[{"start":{"line":42,"column":6},"end":{"line":45,"column":7}},{"start":{"line":42,"column":6},"end":{"line":45,"column":7}}],"line":42},"3":{"loc":{"start":{"line":55,"column":6},"end":{"line":58,"column":7}},"type":"if","locations":[{"start":{"line":55,"column":6},"end":{"line":58,"column":7}},{"start":{"line":55,"column":6},"end":{"line":58,"column":7}}],"line":55}},"s":{"0":2,"1":2,"2":2,"3":3,"4":3,"5":1,"6":1,"7":2,"8":1,"9":2,"10":1,"11":1,"12":1,"13":0,"14":0,"15":1,"16":1,"17":2,"18":2,"19":1,"20":0,"21":0,"22":1,"23":1,"24":1,"25":2,"26":2,"27":1,"28":0,"29":0,"30":1,"31":1},"f":{"0":3,"1":1,"2":1,"3":1,"4":2,"5":1,"6":2,"7":1},"b":{"0":[1,2],"1":[0,1],"2":[0,1],"3":[0,1]},"_coverageSchema":"332fd63041d2c1bcb487cc26dd0d5f7d97098a6c","hash":"9bb0738329ff549c2c4dc13a90d01cd1b7af5ae4"}
,"/Users/sean/codefellows/401/13-14-relationship-mapping/src/route/library-router.js": {"path":"/Users/sean/codefellows/401/13-14-relationship-mapping/src/route/library-router.js","statementMap":{"0":{"start":{"line":10,"column":19},"end":{"line":10,"column":36}},"1":{"start":{"line":12,"column":22},"end":{"line":12,"column":34}},"2":{"start":{"line":14,"column":0},"end":{"line":23,"column":3}},"3":{"start":{"line":15,"column":2},"end":{"line":18,"column":3}},"4":{"start":{"line":16,"column":4},"end":{"line":16,"column":79}},"5":{"start":{"line":17,"column":4},"end":{"line":17,"column":65}},"6":{"start":{"line":20,"column":2},"end":{"line":22,"column":17}},"7":{"start":{"line":21,"column":21},"end":{"line":21,"column":43}},"8":{"start":{"line":25,"column":0},"end":{"line":42,"column":3}},"9":{"start":{"line":26,"column":18},"end":{"line":26,"column":52}},"10":{"start":{"line":31,"column":2},"end":{"line":41,"column":17}},"11":{"start":{"line":33,"column":6},"end":{"line":36,"column":7}},"12":{"start":{"line":34,"column":8},"end":{"line":34,"column":102}},"13":{"start":{"line":35,"column":8},"end":{"line":35,"column":62}},"14":{"start":{"line":38,"column":6},"end":{"line":38,"column":71}},"15":{"start":{"line":39,"column":6},"end":{"line":39,"column":43}},"16":{"start":{"line":44,"column":0},"end":{"line":57,"column":3}},"17":{"start":{"line":45,"column":2},"end":{"line":56,"column":17}},"18":{"start":{"line":47,"column":6},"end":{"line":50,"column":7}},"19":{"start":{"line":48,"column":8},"end":{"line":48,"column":94}},"20":{"start":{"line":49,"column":8},"end":{"line":49,"column":62}},"21":{"start":{"line":52,"column":6},"end":{"line":52,"column":81}},"22":{"start":{"line":53,"column":6},"end":{"line":53,"column":76}},"23":{"start":{"line":54,"column":6},"end":{"line":54,"column":36}},"24":{"start":{"line":59,"column":0},"end":{"line":70,"column":3}},"25":{"start":{"line":60,"column":2},"end":{"line":69,"column":7}},"26":{"start":{"line":62,"column":6},"end":{"line":65,"column":7}},"27":{"start":{"line":63,"column":8},"end":{"line":63,"column":81}},"28":{"start":{"line":64,"column":8},"end":{"line":64,"column":62}},"29":{"start":{"line":67,"column":6},"end":{"line":67,"column":81}},"30":{"start":{"line":68,"column":6},"end":{"line":68,"column":38}}},"fnMap":{"0":{"name":"(anonymous_0)","decl":{"start":{"line":14,"column":47},"end":{"line":14,"column":48}},"loc":{"start":{"line":14,"column":76},"end":{"line":23,"column":1}},"line":14},"1":{"name":"(anonymous_1)","decl":{"start":{"line":21,"column":10},"end":{"line":21,"column":11}},"loc":{"start":{"line":21,"column":21},"end":{"line":21,"column":43}},"line":21},"2":{"name":"(anonymous_2)","decl":{"start":{"line":25,"column":50},"end":{"line":25,"column":51}},"loc":{"start":{"line":25,"column":79},"end":{"line":42,"column":1}},"line":25},"3":{"name":"(anonymous_3)","decl":{"start":{"line":32,"column":10},"end":{"line":32,"column":11}},"loc":{"start":{"line":32,"column":30},"end":{"line":40,"column":5}},"line":32},"4":{"name":"(anonymous_4)","decl":{"start":{"line":44,"column":38},"end":{"line":44,"column":39}},"loc":{"start":{"line":44,"column":67},"end":{"line":57,"column":1}},"line":44},"5":{"name":"(anonymous_5)","decl":{"start":{"line":46,"column":10},"end":{"line":46,"column":11}},"loc":{"start":{"line":46,"column":23},"end":{"line":55,"column":5}},"line":46},"6":{"name":"(anonymous_6)","decl":{"start":{"line":59,"column":41},"end":{"line":59,"column":42}},"loc":{"start":{"line":59,"column":70},"end":{"line":70,"column":1}},"line":59},"7":{"name":"(anonymous_7)","decl":{"start":{"line":61,"column":10},"end":{"line":61,"column":11}},"loc":{"start":{"line":61,"column":23},"end":{"line":69,"column":5}},"line":61}},"branchMap":{"0":{"loc":{"start":{"line":15,"column":2},"end":{"line":18,"column":3}},"type":"if","locations":[{"start":{"line":15,"column":2},"end":{"line":18,"column":3}},{"start":{"line":15,"column":2},"end":{"line":18,"column":3}}],"line":15},"1":{"loc":{"start":{"line":33,"column":6},"end":{"line":36,"column":7}},"type":"if","locations":[{"start":{"line":33,"column":6},"end":{"line":36,"column":7}},{"start":{"line":33,"column":6},"end":{"line":36,"column":7}}],"line":33},"2":{"loc":{"start":{"line":47,"column":6},"end":{"line":50,"column":7}},"type":"if","locations":[{"start":{"line":47,"column":6},"end":{"line":50,"column":7}},{"start":{"line":47,"column":6},"end":{"line":50,"column":7}}],"line":47},"3":{"loc":{"start":{"line":62,"column":6},"end":{"line":65,"column":7}},"type":"if","locations":[{"start":{"line":62,"column":6},"end":{"line":65,"column":7}},{"start":{"line":62,"column":6},"end":{"line":65,"column":7}}],"line":62}},"s":{"0":2,"1":2,"2":2,"3":4,"4":2,"5":2,"6":2,"7":1,"8":2,"9":0,"10":0,"11":0,"12":0,"13":0,"14":0,"15":0,"16":2,"17":2,"18":1,"19":0,"20":0,"21":1,"22":1,"23":1,"24":2,"25":1,"26":1,"27":0,"28":0,"29":1,"30":1},"f":{"0":4,"1":1,"2":0,"3":0,"4":2,"5":1,"6":1,"7":1},"b":{"0":[2,2],"1":[0,0],"2":[0,1],"3":[0,1]},"_coverageSchema":"332fd63041d2c1bcb487cc26dd0d5f7d97098a6c","hash":"10f68f0773243a81e00f08886c52bb0def3a5115"}
}
