TN:
SF:/Users/sean/codefellows/401/13-14-relationship-mapping/src/__test__/lib/test.env.js
FNF:0
FNH:0
DA:1,1
DA:2,1
DA:3,1
LF:3
LH:3
BRF:0
BRH:0
end_of_record
TN:
SF:/Users/sean/codefellows/401/13-14-relationship-mapping/src/lib/error-middleware.js
FN:5,(anonymous_0)
FNF:1
FNH:1
FNDA:8,(anonymous_0)
DA:6,8
DA:7,8
DA:9,8
DA:10,2
DA:11,2
DA:14,6
DA:16,6
DA:17,3
DA:18,3
DA:21,3
DA:22,1
DA:23,1
DA:25,2
DA:26,2
DA:27,2
DA:30,0
DA:31,0
DA:32,0
DA:35,0
DA:36,0
DA:37,0
LF:21
LH:15
BRDA:9,0,0,2
BRDA:9,0,1,6
BRDA:16,1,0,3
BRDA:16,1,1,3
BRDA:21,2,0,1
BRDA:21,2,1,2
BRDA:25,3,0,2
BRDA:25,3,1,0
BRDA:30,4,0,0
BRDA:30,4,1,0
BRF:10
BRH:7
end_of_record
TN:
SF:/Users/sean/codefellows/401/13-14-relationship-mapping/src/lib/logger.js
FNF:0
FNH:0
DA:3,1
DA:5,1
DA:14,1
DA:15,1
DA:16,1
LF:5
LH:5
BRF:0
BRH:0
end_of_record
TN:
SF:/Users/sean/codefellows/401/13-14-relationship-mapping/src/lib/server.js
FN:14,(anonymous_0)
FN:21,(anonymous_1)
FN:23,(anonymous_2)
FN:24,(anonymous_3)
FN:28,(anonymous_4)
FN:33,(anonymous_5)
FN:35,(anonymous_6)
FN:36,(anonymous_7)
FN:40,(anonymous_8)
FNF:9
FNH:5
FNDA:0,(anonymous_0)
FNDA:1,(anonymous_1)
FNDA:1,(anonymous_2)
FNDA:1,(anonymous_3)
FNDA:0,(anonymous_4)
FNDA:1,(anonymous_5)
FNDA:1,(anonymous_6)
FNDA:0,(anonymous_7)
FNDA:0,(anonymous_8)
DA:9,1
DA:10,1
DA:12,1
DA:14,1
DA:15,0
DA:16,0
DA:19,1
DA:21,1
DA:22,1
DA:24,1
DA:25,1
DA:29,0
DA:33,1
DA:34,1
DA:36,1
DA:37,0
DA:41,0
LF:17
LH:12
BRF:0
BRH:0
end_of_record
TN:
SF:/Users/sean/codefellows/401/13-14-relationship-mapping/src/model/library.js
FNF:0
FNH:0
DA:5,1
LF:1
LH:1
BRF:0
BRH:0
end_of_record
TN:
SF:/Users/sean/codefellows/401/13-14-relationship-mapping/src/route/library-router.js
FN:14,(anonymous_0)
FN:21,(anonymous_1)
FN:25,(anonymous_2)
FN:28,(anonymous_3)
FN:40,(anonymous_4)
FN:42,(anonymous_5)
FN:55,(anonymous_6)
FN:57,(anonymous_7)
FNF:8
FNH:8
FNDA:4,(anonymous_0)
FNDA:1,(anonymous_1)
FNDA:5,(anonymous_2)
FNDA:2,(anonymous_3)
FNDA:2,(anonymous_4)
FNDA:1,(anonymous_5)
FNDA:2,(anonymous_6)
FNDA:1,(anonymous_7)
DA:10,1
DA:12,1
DA:14,1
DA:15,4
DA:16,2
DA:17,2
DA:20,2
DA:21,1
DA:25,1
DA:26,5
DA:27,5
DA:29,2
DA:30,0
DA:31,0
DA:34,2
DA:35,2
DA:40,1
DA:41,2
DA:43,1
DA:44,0
DA:45,0
DA:48,1
DA:49,1
DA:50,1
DA:55,1
DA:56,2
DA:58,1
DA:59,0
DA:60,0
DA:63,1
DA:64,1
LF:31
LH:25
BRDA:15,0,0,2
BRDA:15,0,1,2
BRDA:29,1,0,0
BRDA:29,1,1,2
BRDA:43,2,0,0
BRDA:43,2,1,1
BRDA:58,3,0,0
BRDA:58,3,1,1
BRF:8
BRH:5
end_of_record
