TN:
SF:/Users/sean/codefellows/401/13-14-relationship-mapping/src/__test__/lib/book-mock.js
FN:8,(anonymous_0)
FN:11,(anonymous_1)
FN:21,(anonymous_2)
FN:27,(anonymous_3)
FNF:4
FNH:4
FNDA:6,(anonymous_0)
FNDA:6,(anonymous_1)
FNDA:6,(anonymous_2)
FNDA:8,(anonymous_3)
DA:8,1
DA:9,6
DA:10,6
DA:12,6
DA:14,6
DA:22,6
DA:23,6
DA:27,8
LF:8
LH:8
BRF:0
BRH:0
end_of_record
TN:
SF:/Users/sean/codefellows/401/13-14-relationship-mapping/src/__test__/lib/library-mock.js
FN:6,(anonymous_0)
FN:15,(anonymous_1)
FNF:2
FNH:2
FNDA:17,(anonymous_0)
FNDA:16,(anonymous_1)
DA:6,2
DA:7,17
DA:15,16
LF:3
LH:3
BRF:0
BRH:0
end_of_record
TN:
SF:/Users/sean/codefellows/401/13-14-relationship-mapping/src/__test__/lib/test.env.js
FNF:0
FNH:0
DA:1,2
DA:2,2
DA:3,2
LF:3
LH:3
BRF:0
BRH:0
end_of_record
TN:
SF:/Users/sean/codefellows/401/13-14-relationship-mapping/src/lib/error-middleware.js
FN:5,(anonymous_0)
FNF:1
FNH:1
FNDA:9,(anonymous_0)
DA:6,9
DA:7,9
DA:8,9
DA:10,9
DA:11,3
DA:12,3
DA:15,6
DA:17,6
DA:18,4
DA:19,4
DA:22,2
DA:23,0
DA:24,0
DA:26,2
DA:27,2
DA:28,2
DA:31,0
DA:32,0
DA:33,0
DA:36,0
DA:37,0
DA:38,0
LF:22
LH:14
BRDA:10,0,0,3
BRDA:10,0,1,6
BRDA:17,1,0,4
BRDA:17,1,1,2
BRDA:22,2,0,0
BRDA:22,2,1,2
BRDA:26,3,0,2
BRDA:26,3,1,0
BRDA:31,4,0,0
BRDA:31,4,1,0
BRF:10
BRH:6
end_of_record
TN:
SF:/Users/sean/codefellows/401/13-14-relationship-mapping/src/lib/logger.js
FNF:0
FNH:0
DA:4,2
DA:6,2
DA:15,2
DA:16,2
DA:17,2
LF:5
LH:5
BRF:0
BRH:0
end_of_record
TN:
SF:/Users/sean/codefellows/401/13-14-relationship-mapping/src/lib/server.js
FN:16,(anonymous_0)
FN:23,(anonymous_1)
FN:25,(anonymous_2)
FN:26,(anonymous_3)
FN:30,(anonymous_4)
FN:35,(anonymous_5)
FN:37,(anonymous_6)
FN:38,(anonymous_7)
FN:42,(anonymous_8)
FNF:9
FNH:5
FNDA:0,(anonymous_0)
FNDA:2,(anonymous_1)
FNDA:2,(anonymous_2)
FNDA:2,(anonymous_3)
FNDA:0,(anonymous_4)
FNDA:2,(anonymous_5)
FNDA:2,(anonymous_6)
FNDA:0,(anonymous_7)
FNDA:0,(anonymous_8)
DA:10,2
DA:11,2
DA:13,2
DA:14,2
DA:16,2
DA:17,0
DA:18,0
DA:21,2
DA:23,2
DA:24,2
DA:26,2
DA:27,2
DA:31,0
DA:35,2
DA:36,2
DA:38,2
DA:39,0
DA:43,0
LF:18
LH:13
BRF:0
BRH:0
end_of_record
TN:
SF:/Users/sean/codefellows/401/13-14-relationship-mapping/src/model/book-model.js
FN:31,bookPreHook
FN:34,(anonymous_1)
FN:41,(anonymous_2)
FN:44,(anonymous_3)
FN:46,(anonymous_4)
FN:50,(anonymous_5)
FN:54,(anonymous_6)
FNF:7
FNH:3
FNDA:8,bookPreHook
FNDA:8,(anonymous_1)
FNDA:8,(anonymous_2)
FNDA:0,(anonymous_3)
FNDA:0,(anonymous_4)
FNDA:0,(anonymous_5)
FNDA:0,(anonymous_6)
DA:7,2
DA:33,8
DA:35,8
DA:36,0
DA:38,8
DA:39,8
DA:41,8
DA:44,2
DA:45,0
DA:47,0
DA:48,0
DA:50,0
DA:51,0
DA:54,0
DA:59,2
DA:60,2
LF:16
LH:9
BRDA:35,0,0,0
BRDA:35,0,1,8
BRDA:47,1,0,0
BRDA:47,1,1,0
BRF:4
BRH:1
end_of_record
TN:
SF:/Users/sean/codefellows/401/13-14-relationship-mapping/src/model/library.js
FNF:0
FNH:0
DA:5,2
LF:1
LH:1
BRF:0
BRH:0
end_of_record
TN:
SF:/Users/sean/codefellows/401/13-14-relationship-mapping/src/route/book-router.js
FN:13,(anonymous_0)
FN:20,(anonymous_1)
FN:24,(anonymous_2)
FN:27,(anonymous_3)
FN:38,(anonymous_4)
FN:40,(anonymous_5)
FN:51,(anonymous_6)
FN:53,(anonymous_7)
FNF:8
FNH:8
FNDA:3,(anonymous_0)
FNDA:1,(anonymous_1)
FNDA:1,(anonymous_2)
FNDA:1,(anonymous_3)
FNDA:2,(anonymous_4)
FNDA:1,(anonymous_5)
FNDA:2,(anonymous_6)
FNDA:1,(anonymous_7)
DA:9,2
DA:11,2
DA:13,2
DA:14,3
DA:15,1
DA:16,1
DA:19,2
DA:20,1
DA:24,2
DA:25,1
DA:26,1
DA:28,1
DA:29,0
DA:30,0
DA:33,1
DA:34,1
DA:38,2
DA:39,2
DA:41,1
DA:42,0
DA:43,0
DA:45,1
DA:46,1
DA:47,1
DA:51,2
DA:52,2
DA:54,1
DA:55,0
DA:56,0
DA:58,1
DA:59,1
LF:31
LH:25
BRDA:14,0,0,1
BRDA:14,0,1,2
BRDA:28,1,0,0
BRDA:28,1,1,1
BRDA:41,2,0,0
BRDA:41,2,1,1
BRDA:54,3,0,0
BRDA:54,3,1,1
BRF:8
BRH:5
end_of_record
TN:
SF:/Users/sean/codefellows/401/13-14-relationship-mapping/src/route/library-router.js
FN:14,(anonymous_0)
FN:21,(anonymous_1)
FN:25,(anonymous_2)
FN:32,(anonymous_3)
FN:44,(anonymous_4)
FN:46,(anonymous_5)
FN:59,(anonymous_6)
FN:61,(anonymous_7)
FNF:8
FNH:6
FNDA:4,(anonymous_0)
FNDA:1,(anonymous_1)
FNDA:0,(anonymous_2)
FNDA:0,(anonymous_3)
FNDA:2,(anonymous_4)
FNDA:1,(anonymous_5)
FNDA:2,(anonymous_6)
FNDA:1,(anonymous_7)
DA:10,2
DA:12,2
DA:14,2
DA:15,4
DA:16,2
DA:17,2
DA:20,2
DA:21,1
DA:25,2
DA:26,0
DA:31,0
DA:33,0
DA:34,0
DA:35,0
DA:38,0
DA:39,0
DA:44,2
DA:45,2
DA:47,1
DA:48,0
DA:49,0
DA:52,1
DA:53,1
DA:54,1
DA:59,2
DA:60,2
DA:62,1
DA:63,0
DA:64,0
DA:67,1
DA:68,1
LF:31
LH:20
BRDA:15,0,0,2
BRDA:15,0,1,2
BRDA:33,1,0,0
BRDA:33,1,1,0
BRDA:47,2,0,0
BRDA:47,2,1,1
BRDA:62,3,0,0
BRDA:62,3,1,1
BRF:8
BRH:4
end_of_record
